[INFO] Running mini-soak with auto-tuning: 3 iterations
| overrides | OK | source=file |

============================================================
RUNTIME OVERRIDES (startup preview)
============================================================
  base_spread_bps_delta          = 0.25
  impact_cap_ratio               = 0.08
  max_delta_ratio                = 0.10
  min_interval_ms                = 80
  replace_rate_per_min           = 260
  tail_age_ms                    = 800
============================================================


============================================================
[ITER 1/3] Starting iteration
============================================================
[DETECT] neg_streak=1 (net_bps=-1.50)
| autotune | DRIVER:slippage_bps | field=base_spread_bps_delta from=0.25 to=0.27 |
| autotune | DRIVER:slippage_bps | field=tail_age_ms from=800 to=850 |
| autotune | DRIVER:adverse_bps | field=impact_cap_ratio from=0.08 to=0.06 |
| autotune | DRIVER:block_minint | field=min_interval_ms from=80 to=100 |
| autotune | DRIVER:concurrency | field=replace_rate_per_min from=260 to=230 |
| soak_iter_tune | SKIP | REASON=multi_fail_guard |
[iter_watcher] Wrote ITER_SUMMARY_1.json
[iter_watcher] Updated TUNING_REPORT.json (total iterations: 23)
| iter_watch | SUMMARY | iter=1 net=-1.50 risk=17.00% sl_p95=3.50 adv_p95=5.00 kpi=FAIL |
| iter_watch | SUGGEST | (none) |
| iter_watch | APPLY | SKIP | iter=1 no deltas |
| soak | SLEEP | 2s |

============================================================
[ITER 2/3] Starting iteration
============================================================
[DETECT] neg_streak=2 (net_bps=-0.80)
[FALLBACK] Triggering conservative fallback (neg_streak=2)
| autotune | FALLBACK_CONSERVATIVE | triggered=1 |
| autotune | FALLBACK_CONSERVATIVE | applied=1 | min_interval_ms=80->100 replace_rate_per_min=260->200 spread_delta=0.25->0.27 |
| soak_iter_tune | OK | ADJUSTMENTS=0 metrics_stable |
[iter_watcher] Wrote ITER_SUMMARY_2.json
[iter_watcher] Updated TUNING_REPORT.json (total iterations: 24)
| iter_watch | SUMMARY | iter=2 net=-0.80 risk=33.00% sl_p95=3.20 adv_p95=4.50 kpi=FAIL |
| iter_watch | SUGGEST | (none) |
| iter_watch | APPLY | SKIP | iter=2 no deltas |
| soak | SLEEP | 2s |

============================================================
[ITER 3/3] Starting iteration
============================================================
| autotune | AGE_RELIEF | min_interval_ms from=80 to=70 |
| autotune | AGE_RELIEF | replace_rate_per_min from=260 to=290 |
| autotune | AGE_RELIEF | order_age=350ms adverse=3.10 slippage=2.20 |
| soak_iter_tune | OK | ADJUSTMENTS=2 net_bps=3.00 cancel=0.38 age_p95=350 lag_p95=105 |
  - age_relief_interval_80->70
  - age_relief_replace_260->290
[iter_watcher] Wrote ITER_SUMMARY_3.json
[iter_watcher] Updated TUNING_REPORT.json (total iterations: 25)
| iter_watch | SUMMARY | iter=3 net=3.00 risk=68.00% sl_p95=2.20 adv_p95=3.10 kpi=PASS |
| iter_watch | SUGGEST | (none) |
| iter_watch | APPLY | SKIP | iter=3 no deltas |

============================================================
[MINI-SOAK COMPLETE] 3 iterations with auto-tuning
============================================================
Final overrides: {
  "base_spread_bps_delta": 0.25,
  "impact_cap_ratio": 0.08,
  "max_delta_ratio": 0.1,
  "min_interval_ms": 80,
  "replace_rate_per_min": 260,
  "tail_age_ms": 800
}
============================================================
REAL DURATION (wall-clock): 0:00:04
ITERATIONS COMPLETED: 3
============================================================

| iter_watch | SUMMARY | steady apply complete |
  Total iterations: 3
  Live-apply enabled: True
  Final runtime overrides written to: artifacts/soak/runtime_overrides.json
  Per-iteration summaries: artifacts/soak/latest/ITER_SUMMARY_*.json

